2013/07/10 10:09:06 main.go:67: SFSS starting...
2013/07/10 10:09:06 server.go:44: SFSS server begin serve.
2013/07/10 10:09:06 server.go:56: SFSS server new accept...
2013/07/10 10:09:36 server.go:48: active connections serve done, now beginning shutdown...
2013/07/10 10:09:36 server.go:72: SFSS server has been shutdown.
2013/07/10 10:09:36 main.go:142: SFSS stopped.
2013/07/10 10:14:23 main.go:67: SFSS starting...
2013/07/10 10:14:23 server.go:44: SFSS server begin serve.
2013/07/10 10:14:23 server.go:56: SFSS server new accept...
2013/07/10 10:14:28 server.go:56: SFSS server new accept...
2013/07/10 10:14:35 server.go:56: SFSS server new accept...
2013/07/10 10:14:42 server.go:56: SFSS server new accept...
2013/07/10 10:14:53 server.go:48: active connections serve done, now beginning shutdown...
2013/07/10 10:14:53 server.go:72: SFSS server has been shutdown.
2013/07/10 10:14:53 main.go:142: SFSS stopped.
2013/07/10 14:47:17 main.go:69: SFSS starting...
2013/07/10 14:47:17 server.go:43: SFSS server begin serve.
2013/07/10 14:47:17 server.go:55: SFSS server new accept...
2013/07/10 14:47:30 server.go:55: SFSS server new accept...
2013/07/10 14:47:37 server.go:55: SFSS server new accept...
2013/07/10 14:47:47 server.go:47: active connections serve done, now beginning shutdown...
2013/07/10 14:47:47 server.go:71: SFSS server has been shutdown.
2013/07/10 14:47:47 main.go:144: SFSS stopped.
2013/07/10 14:48:13 main.go:69: SFSS starting...
2013/07/10 14:48:13 server.go:43: SFSS server begin serve.
2013/07/10 14:48:13 server.go:55: SFSS server new accept...
2013/07/10 14:49:02 server.go:55: SFSS server new accept...
2013/07/10 14:49:13 server.go:47: active connections serve done, now beginning shutdown...
2013/07/10 14:49:13 server.go:71: SFSS server has been shutdown.
2013/07/10 14:49:13 main.go:144: SFSS stopped.
2013/07/10 14:49:45 main.go:69: SFSS starting...
2013/07/10 14:49:45 server.go:43: SFSS server begin serve.
2013/07/10 14:49:45 server.go:55: SFSS server new accept...
2013/07/10 14:49:48 server.go:55: SFSS server new accept...
2013/07/10 14:50:23 server.go:55: SFSS server new accept...
2013/07/10 14:50:45 server.go:47: active connections serve done, now beginning shutdown...
2013/07/10 14:50:45 server.go:71: SFSS server has been shutdown.
2013/07/10 14:50:45 main.go:144: SFSS stopped.
2013/07/10 14:51:56 main.go:69: SFSS starting...
2013/07/10 14:51:56 server.go:43: SFSS server begin serve.
2013/07/10 14:51:56 server.go:55: SFSS server new accept...
2013/07/10 14:52:01 server.go:55: SFSS server new accept...
2013/07/10 14:52:01 server.go:83: too large packet! packet size should less than 1M
2013/07/10 14:52:56 server.go:47: active connections serve done, now beginning shutdown...
2013/07/10 14:52:56 server.go:71: SFSS server has been shutdown.
2013/07/10 14:52:56 main.go:144: SFSS stopped.
2013/07/10 16:36:48 main.go:69: SFSS starting...
2013/07/10 16:36:48 server.go:46: SFSS server begin serve.
2013/07/10 16:36:48 server.go:58: SFSS server new accept...
2013/07/10 16:36:53 server.go:58: SFSS server new accept...
2013/07/10 16:36:53 server.go:87: too large packet! packet size should less than 1M
2013/07/10 16:37:48 server.go:50: active connections serve done, now beginning shutdown...
2013/07/10 16:37:48 server.go:74: SFSS server has been shutdown.
2013/07/10 16:37:48 main.go:144: SFSS stopped.
2013/07/10 16:46:17 main.go:69: SFSS starting...
2013/07/10 16:46:17 server.go:46: SFSS server begin serve.
2013/07/10 16:46:17 server.go:58: SFSS server new accept...
2013/07/10 16:47:17 server.go:50: active connections serve done, now beginning shutdown...
2013/07/10 16:47:17 server.go:74: SFSS server has been shutdown.
2013/07/10 16:47:17 main.go:144: SFSS stopped.
2013/07/10 16:50:45 main.go:69: SFSS starting...
2013/07/10 16:50:45 server.go:46: SFSS server begin serve.
2013/07/10 16:50:45 server.go:58: SFSS server new accept...
2013/07/10 16:50:54 server.go:58: SFSS server new accept...
2013/07/10 16:50:54 server.go:87: too large packet! packet size should less than 1M
2013/07/10 16:51:45 server.go:50: active connections serve done, now beginning shutdown...
2013/07/10 16:51:45 server.go:74: SFSS server has been shutdown.
2013/07/10 16:51:45 main.go:144: SFSS stopped.
2013/07/10 16:52:05 main.go:69: SFSS starting...
2013/07/10 16:52:05 server.go:46: SFSS server begin serve.
2013/07/10 16:52:05 server.go:58: SFSS server new accept...
2013/07/10 16:52:09 server.go:58: SFSS server new accept...
2013/07/10 16:52:09 server.go:87: too large packet! packet size should less than 1M
2013/07/10 16:52:25 server.go:58: SFSS server new accept...
2013/07/10 16:52:25 server.go:87: too large packet! packet size should less than 1M
2013/07/10 16:53:05 server.go:50: active connections serve done, now beginning shutdown...
2013/07/10 16:53:05 server.go:74: SFSS server has been shutdown.
2013/07/10 16:53:05 main.go:144: SFSS stopped.
2013/07/10 16:53:08 main.go:69: SFSS starting...
2013/07/10 16:53:08 server.go:46: SFSS server begin serve.
2013/07/10 16:53:08 server.go:58: SFSS server new accept...
2013/07/10 16:53:12 server.go:58: SFSS server new accept...
2013/07/10 16:53:54 server.go:58: SFSS server new accept...
2013/07/10 16:54:06 server.go:58: SFSS server new accept...
2013/07/10 16:54:06 server.go:87: too large packet! packet size should less than 1M
2013/07/10 16:54:08 server.go:50: active connections serve done, now beginning shutdown...
2013/07/10 16:54:08 server.go:74: SFSS server has been shutdown.
2013/07/10 16:54:08 main.go:144: SFSS stopped.
2013/07/10 18:08:57 main.go:69: SFSS starting...
2013/07/10 18:08:57 server.go:46: SFSS server begin serve.
2013/07/10 18:08:57 server.go:58: SFSS server new accept...
2013/07/10 18:09:07 server.go:58: SFSS server new accept...
2013/07/10 18:09:07 server.go:87: too large packet! packet size should less than 1M
2013/07/10 18:09:17 server.go:58: SFSS server new accept...
2013/07/10 18:09:47 server.go:58: SFSS server new accept...
2013/07/10 18:09:57 server.go:50: active connections serve done, now beginning shutdown...
2013/07/10 18:09:57 server.go:74: SFSS server has been shutdown.
2013/07/10 18:09:57 main.go:144: SFSS stopped.
2013/07/10 18:10:40 main.go:69: SFSS starting...
2013/07/10 18:10:40 server.go:46: SFSS server begin serve.
2013/07/10 18:10:40 server.go:58: SFSS server new accept...
2013/07/10 18:10:45 server.go:58: SFSS server new accept...
2013/07/10 18:10:46 server.go:95: invalid character 'x' looking for beginning of value
2013/07/10 18:11:40 server.go:50: active connections serve done, now beginning shutdown...
2013/07/10 18:11:40 server.go:74: SFSS server has been shutdown.
2013/07/10 18:11:40 main.go:144: SFSS stopped.
2013/07/10 18:14:53 main.go:69: SFSS starting...
2013/07/10 18:14:53 server.go:46: SFSS server begin serve.
2013/07/10 18:14:53 server.go:58: SFSS server new accept...
2013/07/10 18:15:00 server.go:58: SFSS server new accept...
2013/07/10 18:15:01 server.go:95: ReceiveData json decode Error: invalid character 'x' looking for beginning of value
2013/07/10 18:15:18 server.go:58: SFSS server new accept...
2013/07/10 18:15:53 server.go:50: active connections serve done, now beginning shutdown...
2013/07/10 18:15:53 server.go:74: SFSS server has been shutdown.
2013/07/10 18:15:53 main.go:144: SFSS stopped.
2013/07/10 18:18:00 main.go:69: SFSS starting...
2013/07/10 18:18:00 server.go:46: SFSS server begin serve.
2013/07/10 18:18:00 server.go:58: SFSS server new accept...
2013/07/10 18:18:04 server.go:58: SFSS server new accept...
2013/07/10 18:18:21 main.go:93: signal recieved interrupt, at: 2013-07-10 18:18:21.045464262 +0800 CST
2013/07/10 18:18:21 main.go:113: SFSS shutdown now...
2013/07/10 18:18:21 server.go:50: active connections serve done, now beginning shutdown...
2013/07/10 18:18:21 server.go:74: SFSS server has been shutdown.
2013/07/10 18:18:21 main.go:144: SFSS stopped.
2013/07/10 18:18:25 main.go:69: SFSS starting...
2013/07/10 18:18:25 server.go:46: SFSS server begin serve.
2013/07/10 18:18:25 server.go:58: SFSS server new accept...
2013/07/10 18:18:40 server.go:58: SFSS server new accept...
2013/07/10 18:19:25 server.go:50: active connections serve done, now beginning shutdown...
2013/07/10 18:19:25 server.go:74: SFSS server has been shutdown.
2013/07/10 18:19:25 main.go:144: SFSS stopped.
2013/07/10 18:22:50 main.go:69: SFSS starting...
2013/07/10 18:22:50 server.go:46: SFSS server begin serve.
2013/07/10 18:22:50 server.go:58: SFSS server new accept...
2013/07/10 18:22:58 server.go:58: SFSS server new accept...
2013/07/10 18:23:11 server.go:58: SFSS server new accept...
2013/07/10 18:23:24 server.go:58: SFSS server new accept...
2013/07/10 18:23:24 server.go:89: TCPConnRead Data Error: too large packet! packet size should less than 1M
2013/07/10 18:23:36 server.go:58: SFSS server new accept...
2013/07/10 18:23:47 server.go:58: SFSS server new accept...
2013/07/10 18:23:50 server.go:50: active connections serve done, now beginning shutdown...
2013/07/10 18:23:50 server.go:74: SFSS server has been shutdown.
2013/07/10 18:23:50 main.go:144: SFSS stopped.
2013/07/10 18:24:09 main.go:69: SFSS starting...
2013/07/10 18:24:09 server.go:46: SFSS server begin serve.
2013/07/10 18:24:09 server.go:58: SFSS server new accept...
2013/07/10 18:24:11 server.go:58: SFSS server new accept...
2013/07/10 18:24:34 server.go:58: SFSS server new accept...
2013/07/10 18:24:41 server.go:58: SFSS server new accept...
2013/07/10 18:25:09 server.go:50: active connections serve done, now beginning shutdown...
2013/07/10 18:25:09 server.go:74: SFSS server has been shutdown.
2013/07/10 18:25:09 main.go:144: SFSS stopped.
2013/07/10 18:25:30 main.go:69: SFSS starting...
2013/07/10 18:25:30 server.go:46: SFSS server begin serve.
2013/07/10 18:25:30 server.go:58: SFSS server new accept...
2013/07/10 18:25:31 server.go:58: SFSS server new accept...
2013/07/10 18:26:15 main.go:93: signal recieved interrupt, at: 2013-07-10 18:26:15.849860994 +0800 CST
2013/07/10 18:26:15 main.go:113: SFSS shutdown now...
2013/07/10 18:26:15 server.go:50: active connections serve done, now beginning shutdown...
2013/07/10 18:26:15 server.go:74: SFSS server has been shutdown.
2013/07/10 18:26:15 main.go:144: SFSS stopped.
2013/07/10 18:26:20 main.go:69: SFSS starting...
2013/07/10 18:26:20 server.go:47: SFSS server begin serve.
2013/07/10 18:26:20 server.go:59: SFSS server new accept...
2013/07/10 18:26:24 server.go:59: SFSS server new accept...
2013/07/10 18:27:08 main.go:93: signal recieved interrupt, at: 2013-07-10 18:27:08.608524768 +0800 CST
2013/07/10 18:27:08 main.go:113: SFSS shutdown now...
2013/07/10 18:27:08 server.go:51: active connections serve done, now beginning shutdown...
2013/07/10 18:27:08 server.go:75: SFSS server has been shutdown.
2013/07/10 18:27:08 main.go:144: SFSS stopped.
2013/07/10 18:27:13 main.go:69: SFSS starting...
2013/07/10 18:27:13 server.go:46: SFSS server begin serve.
2013/07/10 18:27:13 server.go:58: SFSS server new accept...
2013/07/10 18:27:19 server.go:58: SFSS server new accept...
2013/07/10 18:27:30 server.go:58: SFSS server new accept...
2013/07/10 18:27:36 server.go:58: SFSS server new accept...
2013/07/10 18:27:37 server.go:58: SFSS server new accept...
2013/07/10 18:27:56 server.go:58: SFSS server new accept...
2013/07/10 18:28:08 server.go:58: SFSS server new accept...
2013/07/10 18:28:09 server.go:58: SFSS server new accept...
2013/07/10 18:28:09 server.go:58: SFSS server new accept...
2013/07/10 18:28:09 server.go:58: SFSS server new accept...
2013/07/10 18:28:09 server.go:58: SFSS server new accept...
2013/07/10 18:28:09 server.go:58: SFSS server new accept...
2013/07/10 18:28:13 server.go:50: active connections serve done, now beginning shutdown...
2013/07/10 18:28:13 server.go:74: SFSS server has been shutdown.
2013/07/10 18:28:13 main.go:144: SFSS stopped.
2013/07/10 18:29:18 main.go:69: SFSS starting...
2013/07/10 18:29:18 server.go:46: SFSS server begin serve.
2013/07/10 18:29:18 server.go:58: SFSS server new accept...
2013/07/10 18:29:20 server.go:58: SFSS server new accept...
2013/07/10 18:30:18 server.go:50: active connections serve done, now beginning shutdown...
2013/07/10 18:30:18 server.go:74: SFSS server has been shutdown.
2013/07/10 18:30:18 main.go:144: SFSS stopped.
2013/07/10 18:30:26 main.go:69: SFSS starting...
2013/07/10 18:30:26 server.go:47: SFSS server begin serve.
2013/07/10 18:30:26 server.go:59: SFSS server new accept...
2013/07/10 18:30:30 server.go:59: SFSS server new accept...
2013/07/10 18:30:57 main.go:93: signal recieved interrupt, at: 2013-07-10 18:30:57.681160441 +0800 CST
2013/07/10 18:30:57 main.go:113: SFSS shutdown now...
2013/07/10 18:30:57 server.go:51: active connections serve done, now beginning shutdown...
2013/07/10 18:30:57 server.go:75: SFSS server has been shutdown.
2013/07/10 18:30:57 main.go:144: SFSS stopped.
2013/07/10 18:32:31 main.go:69: SFSS starting...
2013/07/10 18:32:31 server.go:46: SFSS server begin serve.
2013/07/10 18:32:31 server.go:58: SFSS server new accept...
2013/07/10 18:32:37 server.go:58: SFSS server new accept...
2013/07/10 18:32:45 server.go:58: SFSS server new accept...
2013/07/10 18:32:58 main.go:93: signal recieved interrupt, at: 2013-07-10 18:32:58.757798659 +0800 CST
2013/07/10 18:32:58 main.go:113: SFSS shutdown now...
2013/07/10 18:32:58 server.go:50: active connections serve done, now beginning shutdown...
2013/07/10 18:32:58 server.go:74: SFSS server has been shutdown.
2013/07/10 18:32:58 main.go:144: SFSS stopped.
2013/07/12 10:40:53 main.go:69: SFSS starting...
2013/07/12 10:40:53 server.go:46: SFSS server begin serve.
2013/07/12 10:40:53 server.go:58: SFSS server new accept...
2013/07/12 10:40:56 server.go:58: SFSS server new accept...
2013/07/12 10:45:46 main.go:69: SFSS starting...
2013/07/12 10:45:46 server.go:46: SFSS server begin serve.
2013/07/12 10:45:46 server.go:58: SFSS server new accept...
2013/07/12 10:45:55 server.go:58: SFSS server new accept...
2013/07/12 10:46:24 server.go:58: SFSS server new accept...
2013/07/12 10:46:40 server.go:58: SFSS server new accept...
2013/07/12 10:46:46 server.go:50: active connections serve done, now beginning shutdown...
2013/07/12 10:46:46 server.go:74: SFSS server has been shutdown.
2013/07/12 10:46:46 main.go:144: SFSS stopped.
2013/07/12 10:52:11 main.go:69: SFSS starting...
2013/07/12 10:52:11 server.go:46: SFSS server begin serve.
2013/07/12 10:52:11 server.go:58: SFSS server new accept...
2013/07/12 10:52:16 server.go:58: SFSS server new accept...
2013/07/12 10:52:24 server.go:58: SFSS server new accept...
2013/07/12 10:52:35 server.go:58: SFSS server new accept...
2013/07/12 10:52:45 server.go:58: SFSS server new accept...
2013/07/12 10:52:52 server.go:58: SFSS server new accept...
2013/07/12 10:54:38 main.go:69: SFSS starting...
2013/07/12 10:54:38 server.go:46: SFSS server begin serve.
2013/07/12 10:54:38 server.go:58: SFSS server new accept...
2013/07/12 10:54:42 server.go:58: SFSS server new accept...
2013/07/12 10:58:16 main.go:69: SFSS starting...
2013/07/12 10:58:16 server.go:46: SFSS server begin serve.
2013/07/12 10:58:16 server.go:58: SFSS server new accept...
2013/07/12 10:58:21 server.go:58: SFSS server new accept...
2013/07/12 11:05:45 main.go:69: SFSS starting...
2013/07/12 11:05:45 server.go:46: SFSS server begin serve.
2013/07/12 11:05:45 server.go:58: SFSS server new accept...
2013/07/12 11:05:51 server.go:58: SFSS server new accept...
2013/07/12 11:05:51 server.go:106: ReceiveData AES decrypt Error: AES PCKS5UnPadding penic, unpadding Illegal
2013/07/12 11:06:10 server.go:58: SFSS server new accept...
2013/07/12 11:06:45 server.go:50: active connections serve done, now beginning shutdown...
2013/07/12 11:06:45 server.go:74: SFSS server has been shutdown.
2013/07/12 11:06:45 main.go:144: SFSS stopped.
2013/07/12 12:05:32 main.go:69: SFSS starting...
2013/07/12 12:05:32 server.go:46: SFSS server begin serve.
2013/07/12 12:05:32 server.go:58: SFSS server new accept...
2013/07/12 12:05:38 server.go:58: SFSS server new accept...
2013/07/12 12:05:52 server.go:58: SFSS server new accept...
2013/07/12 12:05:59 server.go:58: SFSS server new accept...
2013/07/12 12:06:32 server.go:50: active connections serve done, now beginning shutdown...
2013/07/12 12:06:32 server.go:74: SFSS server has been shutdown.
2013/07/12 12:06:32 main.go:144: SFSS stopped.
2013/07/12 18:48:46 main.go:59: SFSS starting...
2013/07/12 18:50:11 main.go:59: SFSS starting...
2013/07/12 18:50:15 main.go:59: SFSS starting...
2013/07/12 18:50:15 server.go:89: SFSS server begin serve.
2013/07/12 18:50:15 server.go:101: SFSS server new accept...
2013/07/12 18:50:36 server.go:101: SFSS server new accept...
2013/07/12 18:50:42 main.go:83: signal recieved interrupt, at: 2013-07-12 18:50:42.882454343 +0800 CST
2013/07/12 18:50:42 main.go:103: SFSS shutdown now...
2013/07/12 18:50:42 server.go:93: active connections serve done, now beginning shutdown...
2013/07/12 18:50:42 server.go:117: SFSS server has been shutdown.
2013/07/12 18:50:42 main.go:134: SFSS stopped.
2013/07/12 18:50:48 main.go:59: SFSS starting...
2013/07/12 18:50:48 server.go:89: SFSS server begin serve.
2013/07/12 18:50:48 server.go:101: SFSS server new accept...
2013/07/12 18:50:50 main.go:83: signal recieved interrupt, at: 2013-07-12 18:50:50.834289884 +0800 CST
2013/07/12 18:50:50 main.go:103: SFSS shutdown now...
2013/07/12 18:50:50 server.go:93: active connections serve done, now beginning shutdown...
2013/07/12 18:50:50 server.go:117: SFSS server has been shutdown.
2013/07/12 18:50:50 main.go:134: SFSS stopped.
2013/07/12 18:52:54 main.go:59: SFSS starting...
2013/07/12 18:52:54 server.go:89: SFSS server begin serve.
2013/07/12 18:52:54 server.go:101: SFSS server new accept...
2013/07/12 18:53:37 server.go:101: SFSS server new accept...
2013/07/12 18:53:54 server.go:93: active connections serve done, now beginning shutdown...
2013/07/12 18:53:54 server.go:117: SFSS server has been shutdown.
2013/07/12 18:53:54 main.go:134: SFSS stopped.
2013/07/12 18:57:24 main.go:59: SFSS starting...
2013/07/12 18:57:24 server.go:89: SFSS server begin serve.
2013/07/12 18:57:24 server.go:101: SFSS server new accept...
2013/07/12 18:57:28 server.go:101: SFSS server new accept...
2013/07/12 18:57:28 server.go:158: OrderData json decode Error: json: cannot unmarshal number into Go value of type string
2013/07/12 18:58:24 server.go:101: SFSS server new accept...
2013/07/12 18:58:24 server.go:93: active connections serve done, now beginning shutdown...
2013/07/12 18:58:24 server.go:117: SFSS server has been shutdown.
2013/07/12 18:58:24 main.go:134: SFSS stopped.
2013/07/12 19:44:56 main.go:59: SFSS starting...
2013/07/12 19:44:56 server.go:89: SFSS server begin serve.
2013/07/12 19:44:56 server.go:101: SFSS server new accept...
2013/07/12 19:45:01 server.go:101: SFSS server new accept...
2013/07/12 19:45:01 server.go:193: domain is empty
2013/07/12 19:45:56 server.go:93: active connections serve done, now beginning shutdown...
2013/07/12 19:45:56 server.go:117: SFSS server has been shutdown.
2013/07/12 19:45:56 main.go:134: SFSS stopped.
2013/07/12 19:48:10 main.go:59: SFSS starting...
2013/07/12 19:48:10 server.go:89: SFSS server begin serve.
2013/07/12 19:48:10 server.go:101: SFSS server new accept...
2013/07/12 19:48:21 server.go:101: SFSS server new accept...
2013/07/12 19:48:21 server.go:193: siteid is empty
2013/07/12 19:48:59 server.go:101: SFSS server new accept...
2013/07/12 19:48:59 server.go:193: alias is empty
2013/07/12 19:49:10 server.go:93: active connections serve done, now beginning shutdown...
2013/07/12 19:49:10 server.go:117: SFSS server has been shutdown.
2013/07/12 19:49:10 main.go:134: SFSS stopped.
2013/07/12 19:50:21 main.go:59: SFSS starting...
2013/07/12 19:50:21 server.go:89: SFSS server begin serve.
2013/07/12 19:50:21 server.go:101: SFSS server new accept...
2013/07/12 19:50:26 server.go:101: SFSS server new accept...
2013/07/12 19:50:26 server.go:193: alias is empty
2013/07/12 19:50:46 main.go:83: signal recieved interrupt, at: 2013-07-12 19:50:46.658962317 +0800 CST
2013/07/12 19:50:46 main.go:103: SFSS shutdown now...
2013/07/12 19:50:46 server.go:93: active connections serve done, now beginning shutdown...
2013/07/12 19:50:46 server.go:117: SFSS server has been shutdown.
2013/07/12 19:50:46 main.go:134: SFSS stopped.
2013/07/12 19:50:49 main.go:59: SFSS starting...
2013/07/12 19:50:49 server.go:89: SFSS server begin serve.
2013/07/12 19:50:49 server.go:101: SFSS server new accept...
2013/07/12 19:50:53 server.go:101: SFSS server new accept...
2013/07/12 19:50:53 server.go:193: bandwidth is empty
2013/07/12 19:51:13 server.go:101: SFSS server new accept...
2013/07/12 19:51:49 server.go:93: active connections serve done, now beginning shutdown...
2013/07/12 19:51:49 server.go:117: SFSS server has been shutdown.
2013/07/12 19:51:49 main.go:134: SFSS stopped.
2013/07/12 20:03:16 main.go:59: SFSS starting...
2013/07/12 20:03:16 server.go:89: SFSS server begin serve.
2013/07/12 20:03:16 server.go:101: SFSS server new accept...
2013/07/12 20:03:19 server.go:101: SFSS server new accept...
2013/07/12 20:03:25 server.go:101: SFSS server new accept...
2013/07/12 20:04:16 server.go:93: active connections serve done, now beginning shutdown...
2013/07/12 20:04:16 server.go:117: SFSS server has been shutdown.
2013/07/12 20:04:16 main.go:134: SFSS stopped.
2013/07/12 20:04:57 main.go:59: SFSS starting...
2013/07/12 20:04:57 server.go:89: SFSS server begin serve.
2013/07/12 20:04:57 server.go:101: SFSS server new accept...
2013/07/12 20:05:02 server.go:101: SFSS server new accept...
2013/07/12 20:05:12 server.go:101: SFSS server new accept...
2013/07/12 20:05:12 server.go:193: siteid is empty
2013/07/12 20:05:27 server.go:101: SFSS server new accept...
2013/07/12 20:05:55 main.go:83: signal recieved interrupt, at: 2013-07-12 20:05:55.761018545 +0800 CST
2013/07/12 20:05:55 main.go:103: SFSS shutdown now...
2013/07/12 20:05:55 server.go:93: active connections serve done, now beginning shutdown...
2013/07/12 20:05:55 server.go:117: SFSS server has been shutdown.
2013/07/12 20:05:55 main.go:134: SFSS stopped.
2013/07/12 20:05:58 main.go:59: SFSS starting...
2013/07/12 20:05:58 server.go:89: SFSS server begin serve.
2013/07/12 20:05:58 server.go:101: SFSS server new accept...
2013/07/12 20:06:01 server.go:101: SFSS server new accept...
2013/07/12 20:06:38 main.go:83: signal recieved interrupt, at: 2013-07-12 20:06:38.488283213 +0800 CST
2013/07/12 20:06:38 main.go:103: SFSS shutdown now...
2013/07/12 20:06:38 server.go:93: active connections serve done, now beginning shutdown...
2013/07/12 20:06:38 server.go:117: SFSS server has been shutdown.
2013/07/12 20:06:38 main.go:134: SFSS stopped.
2013/07/12 20:11:39 main.go:59: SFSS starting...
2013/07/12 20:11:39 server.go:89: SFSS server begin serve.
2013/07/12 20:11:39 server.go:101: SFSS server new accept...
2013/07/12 20:11:47 server.go:101: SFSS server new accept...
2013/07/12 20:11:51 main.go:83: signal recieved interrupt, at: 2013-07-12 20:11:51.72956994 +0800 CST
2013/07/12 20:11:51 main.go:103: SFSS shutdown now...
2013/07/12 20:11:51 server.go:93: active connections serve done, now beginning shutdown...
2013/07/12 20:11:51 server.go:117: SFSS server has been shutdown.
2013/07/12 20:11:51 main.go:134: SFSS stopped.
2013/07/12 20:35:14 main.go:59: SFSS starting...
2013/07/12 20:35:14 server.go:89: SFSS server begin serve.
2013/07/12 20:35:14 server.go:101: SFSS server new accept...
2013/07/12 20:35:17 server.go:101: SFSS server new accept...
2013/07/12 20:35:40 server.go:101: SFSS server new accept...
2013/07/12 20:36:14 server.go:93: active connections serve done, now beginning shutdown...
2013/07/12 20:36:14 server.go:117: SFSS server has been shutdown.
2013/07/12 20:36:14 main.go:134: SFSS stopped.
2013/07/12 20:36:17 main.go:59: SFSS starting...
2013/07/12 20:36:17 server.go:89: SFSS server begin serve.
2013/07/12 20:36:17 server.go:101: SFSS server new accept...
2013/07/12 20:36:21 server.go:101: SFSS server new accept...
2013/07/12 20:36:57 main.go:83: signal recieved interrupt, at: 2013-07-12 20:36:57.384571723 +0800 CST
2013/07/12 20:36:57 main.go:103: SFSS shutdown now...
2013/07/12 20:36:57 server.go:93: active connections serve done, now beginning shutdown...
2013/07/12 20:36:57 server.go:117: SFSS server has been shutdown.
2013/07/12 20:36:57 main.go:134: SFSS stopped.
2013/07/12 20:36:59 main.go:59: SFSS starting...
2013/07/12 20:36:59 server.go:89: SFSS server begin serve.
2013/07/12 20:36:59 server.go:101: SFSS server new accept...
2013/07/12 20:37:03 server.go:101: SFSS server new accept...
2013/07/12 20:37:03 server.go:193: stat /Users/yanghengfei/Code/go/src/sfss/conf/nginx/test.9466.cn.conf: no such file or directory
2013/07/12 20:37:27 server.go:101: SFSS server new accept...
2013/07/12 20:37:59 server.go:93: active connections serve done, now beginning shutdown...
2013/07/12 20:37:59 server.go:117: SFSS server has been shutdown.
2013/07/12 20:37:59 main.go:134: SFSS stopped.
2013/07/13 15:21:12 main.go:59: SFSS starting...
2013/07/13 15:21:12 server.go:89: SFSS server begin serve.
2013/07/13 15:21:12 server.go:101: SFSS server new accept...
2013/07/13 15:21:27 server.go:101: SFSS server new accept...
2013/07/13 15:21:37 server.go:101: SFSS server new accept...
2013/07/13 15:21:48 server.go:101: SFSS server new accept...
2013/07/13 15:21:48 server.go:193: Site dir create failed!mkdir /Users/yanghengfei/Code/go/src/sfss/test//Users/yanghengfei/Code/go/src/sfss/test/test.9466.cn_8ujmki7yhbn: no such file or directory
2013/07/13 15:22:12 server.go:93: active connections serve done, now beginning shutdown...
2013/07/13 15:22:12 server.go:117: SFSS server has been shutdown.
2013/07/13 15:22:12 main.go:134: SFSS stopped.
2013/07/13 15:23:53 main.go:59: SFSS starting...
2013/07/13 15:23:53 server.go:89: SFSS server begin serve.
2013/07/13 15:23:53 server.go:101: SFSS server new accept...
2013/07/13 15:23:58 server.go:101: SFSS server new accept...
2013/07/13 15:24:18 server.go:101: SFSS server new accept...
2013/07/13 15:24:37 main.go:83: signal recieved interrupt, at: 2013-07-13 15:24:37.579355374 +0800 CST
2013/07/13 15:24:37 main.go:103: SFSS shutdown now...
2013/07/13 15:24:37 server.go:93: active connections serve done, now beginning shutdown...
2013/07/13 15:24:37 server.go:117: SFSS server has been shutdown.
2013/07/13 15:24:37 main.go:134: SFSS stopped.
2013/07/15 16:18:30 main.go:59: SFSS starting...
2013/07/15 16:18:30 server.go:89: SFSS server begin serve.
2013/07/15 16:18:30 server.go:101: SFSS server new accept...
2013/07/15 16:18:47 server.go:101: SFSS server new accept...
2013/07/15 16:18:50 server.go:101: SFSS server new accept...
2013/07/15 16:18:56 server.go:101: SFSS server new accept...
2013/07/15 16:18:56 server.go:193: Site dir create failed!mkdir /Users/yanghengfei/Code/go/src/sfss/test/test1.9466.cn_8ujmki7yhbn: file exists
2013/07/15 16:19:30 server.go:93: active connections serve done, now beginning shutdown...
2013/07/15 16:19:30 server.go:117: SFSS server has been shutdown.
2013/07/15 16:19:30 main.go:134: SFSS stopped.
2013/07/15 16:21:02 main.go:59: SFSS starting...
2013/07/15 16:21:02 server.go:89: SFSS server begin serve.
2013/07/15 16:21:02 server.go:101: SFSS server new accept...
2013/07/15 16:21:08 server.go:101: SFSS server new accept...
2013/07/15 16:21:37 server.go:101: SFSS server new accept...
2013/07/15 16:22:02 server.go:93: active connections serve done, now beginning shutdown...
2013/07/15 16:22:02 server.go:117: SFSS server has been shutdown.
2013/07/15 16:22:02 main.go:134: SFSS stopped.
2013/07/15 16:34:37 main.go:59: SFSS starting...
2013/07/15 16:34:37 server.go:89: SFSS server begin serve.
2013/07/15 16:34:37 server.go:101: SFSS server new accept...
2013/07/15 16:35:37 server.go:93: active connections serve done, now beginning shutdown...
2013/07/15 16:35:37 server.go:117: SFSS server has been shutdown.
2013/07/15 16:35:37 main.go:134: SFSS stopped.
2013/07/15 18:02:33 main.go:59: SFSS starting...
2013/07/15 18:02:33 server.go:89: SFSS server begin serve.
2013/07/15 18:02:33 server.go:101: SFSS server new accept...
2013/07/15 18:02:50 server.go:101: SFSS server new accept...
2013/07/15 18:03:33 server.go:93: active connections serve done, now beginning shutdown...
2013/07/15 18:03:33 server.go:117: SFSS server has been shutdown.
2013/07/15 18:03:33 main.go:134: SFSS stopped.
2013/07/15 18:06:33 main.go:59: SFSS starting...
2013/07/15 18:06:33 server.go:89: SFSS server begin serve.
2013/07/15 18:06:33 server.go:101: SFSS server new accept...
2013/07/15 18:06:40 server.go:101: SFSS server new accept...
2013/07/15 18:07:33 server.go:93: active connections serve done, now beginning shutdown...
2013/07/15 18:07:33 server.go:117: SFSS server has been shutdown.
2013/07/15 18:07:33 main.go:134: SFSS stopped.
2013/07/15 18:08:33 main.go:59: SFSS starting...
2013/07/15 18:08:33 server.go:89: SFSS server begin serve.
2013/07/15 18:08:33 server.go:101: SFSS server new accept...
2013/07/15 18:08:37 server.go:101: SFSS server new accept...
2013/07/15 18:09:09 server.go:101: SFSS server new accept...
2013/07/15 18:09:33 server.go:93: active connections serve done, now beginning shutdown...
2013/07/15 18:09:33 server.go:117: SFSS server has been shutdown.
2013/07/15 18:09:33 main.go:134: SFSS stopped.
2013/07/15 18:34:59 main.go:59: SFSS starting...
2013/07/15 18:34:59 server.go:89: SFSS server begin serve.
2013/07/15 18:34:59 server.go:101: SFSS server new accept...
2013/07/15 18:35:07 server.go:101: SFSS server new accept...
2013/07/15 18:35:07 server.go:193: Nginx site config read error!EOF
2013/07/15 18:35:20 main.go:83: signal recieved interrupt, at: 2013-07-15 18:35:20.214315035 +0800 CST
2013/07/15 18:35:20 main.go:103: SFSS shutdown now...
2013/07/15 18:35:20 server.go:93: active connections serve done, now beginning shutdown...
2013/07/15 18:35:20 server.go:117: SFSS server has been shutdown.
2013/07/15 18:35:20 main.go:134: SFSS stopped.
2013/07/15 18:37:06 main.go:59: SFSS starting...
2013/07/15 18:37:06 server.go:89: SFSS server begin serve.
2013/07/15 18:37:06 server.go:101: SFSS server new accept...
2013/07/15 18:37:12 server.go:101: SFSS server new accept...
2013/07/15 18:39:24 main.go:59: SFSS starting...
2013/07/15 18:39:24 server.go:89: SFSS server begin serve.
2013/07/15 18:39:24 server.go:101: SFSS server new accept...
2013/07/15 18:39:35 server.go:101: SFSS server new accept...
2013/07/15 18:40:04 server.go:101: SFSS server new accept...
2013/07/15 18:40:24 server.go:93: active connections serve done, now beginning shutdown...
2013/07/15 18:40:24 server.go:117: SFSS server has been shutdown.
2013/07/15 18:40:24 main.go:134: SFSS stopped.
2013/07/15 18:40:29 main.go:59: SFSS starting...
2013/07/15 18:40:29 server.go:89: SFSS server begin serve.
2013/07/15 18:40:29 server.go:101: SFSS server new accept...
2013/07/15 18:40:34 server.go:101: SFSS server new accept...
2013/07/15 18:41:29 server.go:93: active connections serve done, now beginning shutdown...
2013/07/15 18:41:29 server.go:117: SFSS server has been shutdown.
2013/07/15 18:41:29 main.go:134: SFSS stopped.
2013/07/15 18:43:52 main.go:59: SFSS starting...
2013/07/15 18:43:52 server.go:89: SFSS server begin serve.
2013/07/15 18:43:52 server.go:101: SFSS server new accept...
2013/07/15 18:44:00 server.go:101: SFSS server new accept...
2013/07/15 18:44:14 server.go:101: SFSS server new accept...
2013/07/15 18:44:52 server.go:93: active connections serve done, now beginning shutdown...
2013/07/15 18:44:52 server.go:117: SFSS server has been shutdown.
2013/07/15 18:44:52 main.go:134: SFSS stopped.
2013/07/15 18:44:58 main.go:59: SFSS starting...
2013/07/15 18:44:58 server.go:89: SFSS server begin serve.
2013/07/15 18:44:58 server.go:101: SFSS server new accept...
2013/07/15 18:45:08 server.go:101: SFSS server new accept...
2013/07/15 18:45:22 server.go:101: SFSS server new accept...
2013/07/15 18:45:58 server.go:93: active connections serve done, now beginning shutdown...
2013/07/15 18:45:58 server.go:117: SFSS server has been shutdown.
2013/07/15 18:45:58 main.go:134: SFSS stopped.
2013/07/15 18:46:17 main.go:59: SFSS starting...
2013/07/15 18:46:17 server.go:89: SFSS server begin serve.
2013/07/15 18:46:17 server.go:101: SFSS server new accept...
2013/07/15 18:46:36 server.go:101: SFSS server new accept...
2013/07/15 18:46:42 server.go:101: SFSS server new accept...
2013/07/15 18:47:17 server.go:93: active connections serve done, now beginning shutdown...
2013/07/15 18:47:17 server.go:117: SFSS server has been shutdown.
2013/07/15 18:47:17 main.go:134: SFSS stopped.
2013/07/15 18:47:51 main.go:59: SFSS starting...
2013/07/15 18:47:51 server.go:89: SFSS server begin serve.
2013/07/15 18:47:51 server.go:101: SFSS server new accept...
2013/07/15 18:48:02 server.go:101: SFSS server new accept...
2013/07/15 18:48:07 server.go:101: SFSS server new accept...
2013/07/15 18:48:36 main.go:83: signal recieved interrupt, at: 2013-07-15 18:48:36.843671637 +0800 CST
2013/07/15 18:48:36 main.go:103: SFSS shutdown now...
2013/07/15 18:48:36 server.go:93: active connections serve done, now beginning shutdown...
2013/07/15 18:48:36 server.go:117: SFSS server has been shutdown.
2013/07/15 18:48:36 main.go:134: SFSS stopped.
2013/07/15 18:48:40 main.go:59: SFSS starting...
2013/07/15 18:48:40 server.go:89: SFSS server begin serve.
2013/07/15 18:48:40 server.go:101: SFSS server new accept...
2013/07/15 18:48:47 server.go:101: SFSS server new accept...
2013/07/15 18:48:52 server.go:101: SFSS server new accept...
2013/07/15 18:49:40 server.go:93: active connections serve done, now beginning shutdown...
2013/07/15 18:49:40 server.go:117: SFSS server has been shutdown.
2013/07/15 18:49:40 main.go:134: SFSS stopped.
2013/07/15 18:50:01 main.go:59: SFSS starting...
2013/07/15 18:50:01 server.go:89: SFSS server begin serve.
2013/07/15 18:50:01 server.go:101: SFSS server new accept...
2013/07/15 18:50:12 server.go:101: SFSS server new accept...
2013/07/15 18:50:18 server.go:101: SFSS server new accept...
2013/07/15 18:51:01 server.go:93: active connections serve done, now beginning shutdown...
2013/07/15 18:51:01 server.go:117: SFSS server has been shutdown.
2013/07/15 18:51:01 main.go:134: SFSS stopped.
2013/07/15 18:51:54 main.go:59: SFSS starting...
2013/07/15 18:51:54 server.go:89: SFSS server begin serve.
2013/07/15 18:51:54 server.go:101: SFSS server new accept...
2013/07/15 18:52:00 server.go:101: SFSS server new accept...
2013/07/15 18:52:19 server.go:101: SFSS server new accept...
2013/07/15 18:52:19 server.go:193: site already paused!
2013/07/15 18:52:54 server.go:93: active connections serve done, now beginning shutdown...
2013/07/15 18:52:54 server.go:117: SFSS server has been shutdown.
2013/07/15 18:52:54 main.go:134: SFSS stopped.
2013/07/15 18:56:41 main.go:59: SFSS starting...
2013/07/15 18:56:41 server.go:89: SFSS server begin serve.
2013/07/15 18:56:41 server.go:101: SFSS server new accept...
2013/07/15 18:56:45 server.go:101: SFSS server new accept...
2013/07/15 18:56:45 server.go:193: site already paused!
2013/07/15 18:56:54 server.go:101: SFSS server new accept...
2013/07/15 18:57:41 server.go:93: active connections serve done, now beginning shutdown...
2013/07/15 18:57:41 server.go:117: SFSS server has been shutdown.
2013/07/15 18:57:41 main.go:134: SFSS stopped.
2013/07/15 18:57:54 main.go:59: SFSS starting...
2013/07/15 18:57:54 server.go:89: SFSS server begin serve.
2013/07/15 18:57:54 server.go:101: SFSS server new accept...
2013/07/15 18:57:58 server.go:101: SFSS server new accept...
2013/07/15 18:58:26 server.go:101: SFSS server new accept...
2013/07/15 18:58:26 server.go:193: site already started!
2013/07/15 18:58:36 server.go:101: SFSS server new accept...
2013/07/15 18:58:54 server.go:93: active connections serve done, now beginning shutdown...
2013/07/15 18:58:54 server.go:117: SFSS server has been shutdown.
2013/07/15 18:58:54 main.go:134: SFSS stopped.
2013/07/15 18:58:57 main.go:59: SFSS starting...
2013/07/15 18:58:57 server.go:89: SFSS server begin serve.
2013/07/15 18:58:57 server.go:101: SFSS server new accept...
2013/07/15 18:59:01 server.go:101: SFSS server new accept...
2013/07/15 18:59:57 server.go:93: active connections serve done, now beginning shutdown...
2013/07/15 18:59:57 server.go:117: SFSS server has been shutdown.
2013/07/15 18:59:57 main.go:134: SFSS stopped.
2013/07/15 19:05:40 main.go:59: SFSS starting...
2013/07/15 19:05:40 server.go:89: SFSS server begin serve.
2013/07/15 19:05:40 server.go:101: SFSS server new accept...
2013/07/15 19:05:52 server.go:101: SFSS server new accept...
2013/07/15 19:06:03 server.go:101: SFSS server new accept...
2013/07/15 19:06:40 main.go:83: signal recieved interrupt, at: 2013-07-15 19:06:40.437277503 +0800 CST
2013/07/15 19:06:40 main.go:103: SFSS shutdown now...
2013/07/15 19:06:40 server.go:93: active connections serve done, now beginning shutdown...
2013/07/15 19:06:40 server.go:117: SFSS server has been shutdown.
2013/07/15 19:06:40 main.go:134: SFSS stopped.
2013/07/15 19:06:42 main.go:59: SFSS starting...
2013/07/15 19:06:42 server.go:89: SFSS server begin serve.
2013/07/15 19:06:42 server.go:101: SFSS server new accept...
2013/07/15 19:06:55 server.go:101: SFSS server new accept...
2013/07/15 19:07:03 server.go:101: SFSS server new accept...
2013/07/15 19:07:08 server.go:101: SFSS server new accept...
2013/07/15 19:07:26 server.go:101: SFSS server new accept...
2013/07/15 19:07:41 server.go:101: SFSS server new accept...
2013/07/15 19:07:42 server.go:93: active connections serve done, now beginning shutdown...
2013/07/15 19:07:42 server.go:117: SFSS server has been shutdown.
2013/07/15 19:07:42 main.go:134: SFSS stopped.
2013/07/15 19:16:00 main.go:59: SFSS starting...
2013/07/15 19:16:00 server.go:89: SFSS server begin serve.
2013/07/15 19:16:00 server.go:101: SFSS server new accept...
2013/07/15 19:16:05 server.go:101: SFSS server new accept...
2013/07/15 19:16:05 server.go:193: site already started!
2013/07/15 19:16:13 server.go:101: SFSS server new accept...
2013/07/15 19:16:14 server.go:193: Nginx site logfile delete Error!remove /Users/yanghengfei/Code/go/src/sfss/log/nginx/test.9466.cn_access.log: no such file or directory
2013/07/15 19:17:00 server.go:93: active connections serve done, now beginning shutdown...
2013/07/15 19:17:00 server.go:117: SFSS server has been shutdown.
2013/07/15 19:17:00 main.go:134: SFSS stopped.
2013/07/15 19:17:46 main.go:59: SFSS starting...
2013/07/15 19:17:46 server.go:89: SFSS server begin serve.
2013/07/15 19:17:46 server.go:101: SFSS server new accept...
2013/07/15 19:17:54 server.go:101: SFSS server new accept...
2013/07/15 19:17:54 server.go:193: Nginx site config delete Error!remove /Users/yanghengfei/Code/go/src/sfss/conf/nginx/test.9466.cn.conf: no such file or directory
2013/07/15 19:18:24 main.go:83: signal recieved interrupt, at: 2013-07-15 19:18:24.191631618 +0800 CST
2013/07/15 19:18:24 main.go:103: SFSS shutdown now...
2013/07/15 19:18:24 server.go:93: active connections serve done, now beginning shutdown...
2013/07/15 19:18:24 server.go:117: SFSS server has been shutdown.
2013/07/15 19:18:24 main.go:134: SFSS stopped.
2013/07/15 19:18:27 main.go:59: SFSS starting...
2013/07/15 19:18:27 server.go:89: SFSS server begin serve.
2013/07/15 19:18:27 server.go:101: SFSS server new accept...
2013/07/15 19:18:33 server.go:101: SFSS server new accept...
2013/07/15 19:19:13 server.go:101: SFSS server new accept...
2013/07/15 19:19:27 server.go:93: active connections serve done, now beginning shutdown...
2013/07/15 19:19:27 server.go:117: SFSS server has been shutdown.
2013/07/15 19:19:27 main.go:134: SFSS stopped.
2013/07/15 19:20:08 main.go:59: SFSS starting...
2013/07/15 19:20:08 server.go:89: SFSS server begin serve.
2013/07/15 19:20:08 server.go:101: SFSS server new accept...
2013/07/15 19:20:16 server.go:101: SFSS server new accept...
2013/07/15 19:20:16 server.go:193: root is empty
2013/07/15 19:20:32 server.go:101: SFSS server new accept...
2013/07/15 19:20:43 main.go:83: signal recieved interrupt, at: 2013-07-15 19:20:43.04440163 +0800 CST
2013/07/15 19:20:43 main.go:103: SFSS shutdown now...
2013/07/15 19:20:43 server.go:93: active connections serve done, now beginning shutdown...
2013/07/15 19:20:43 server.go:117: SFSS server has been shutdown.
2013/07/15 19:20:43 main.go:134: SFSS stopped.
2013/07/16 15:54:11 main.go:59: SFSS starting...
2013/07/16 15:54:11 server.go:89: SFSS server begin serve.
2013/07/16 15:54:11 server.go:101: SFSS server new accept...
2013/07/16 15:54:20 server.go:101: SFSS server new accept...
2013/07/16 15:54:23 server.go:101: SFSS server new accept...
2013/07/16 15:54:30 server.go:101: SFSS server new accept...
2013/07/16 15:54:30 server.go:193: Site test1.9466.cn not exist!
2013/07/16 15:54:37 server.go:101: SFSS server new accept...
2013/07/16 15:54:44 server.go:101: SFSS server new accept...
2013/07/16 15:54:44 server.go:193: site already started!
2013/07/16 15:54:50 server.go:101: SFSS server new accept...
2013/07/16 15:54:54 server.go:101: SFSS server new accept...
2013/07/16 15:54:59 server.go:101: SFSS server new accept...
2013/07/16 15:55:11 server.go:93: active connections serve done, now beginning shutdown...
2013/07/16 15:55:11 server.go:117: SFSS server has been shutdown.
2013/07/16 15:55:11 main.go:134: SFSS stopped.
2013/07/16 18:38:13 main.go:59: SFSS starting...
2013/07/16 18:38:13 server.go:94: SFSS server begin serve.
2013/07/16 18:38:13 server.go:106: SFSS server new accept...
2013/07/16 18:38:18 server.go:106: SFSS server new accept...
2013/07/16 18:38:26 server.go:106: SFSS server new accept...
2013/07/16 18:38:26 server.go:198: Site test1.9466.cn not exist!
2013/07/16 18:38:34 main.go:83: signal recieved interrupt, at: 2013-07-16 18:38:34.911067541 +0800 CST
2013/07/16 18:38:34 main.go:103: SFSS shutdown now...
2013/07/16 18:38:34 server.go:98: active connections serve done, now beginning shutdown...
2013/07/16 18:38:34 server.go:122: SFSS server has been shutdown.
2013/07/16 18:38:34 main.go:134: SFSS stopped.
2013/07/17 17:22:25 main.go:59: SFSS starting...
2013/07/17 17:22:25 server.go:94: SFSS server begin serve.
2013/07/17 17:22:25 server.go:106: SFSS server new accept...
2013/07/17 17:22:47 server.go:106: SFSS server new accept...
2013/07/17 17:22:47 server.go:198:  is empty
2013/07/17 17:23:25 server.go:98: active connections serve done, now beginning shutdown...
2013/07/17 17:23:25 server.go:122: SFSS server has been shutdown.
2013/07/17 17:23:25 main.go:134: SFSS stopped.
2013/07/17 17:24:19 main.go:59: SFSS starting...
2013/07/17 17:24:19 server.go:94: SFSS server begin serve.
2013/07/17 17:24:19 server.go:106: SFSS server new accept...
2013/07/17 17:24:25 server.go:106: SFSS server new accept...
2013/07/17 17:24:25 server.go:198: create db user error:Error 1064: You have an error in your SQL syntax; check the manual that corresponds to your MySQL server version for the right syntax to use near '% IDENTIFIED BY 123456' at line 1
2013/07/17 17:25:19 server.go:98: active connections serve done, now beginning shutdown...
2013/07/17 17:25:19 server.go:122: SFSS server has been shutdown.
2013/07/17 17:25:19 main.go:134: SFSS stopped.
2013/07/17 17:26:22 main.go:59: SFSS starting...
2013/07/17 17:26:22 server.go:94: SFSS server begin serve.
2013/07/17 17:26:22 server.go:106: SFSS server new accept...
2013/07/17 17:26:26 server.go:106: SFSS server new accept...
2013/07/17 17:26:26 server.go:198: create db user error:Error 1064: You have an error in your SQL syntax; check the manual that corresponds to your MySQL server version for the right syntax to use near ''%'' IDENTIFIED BY 123456' at line 1
2013/07/17 17:27:22 server.go:98: active connections serve done, now beginning shutdown...
2013/07/17 17:27:22 server.go:122: SFSS server has been shutdown.
2013/07/17 17:27:22 main.go:134: SFSS stopped.
2013/07/17 17:28:29 main.go:59: SFSS starting...
2013/07/17 17:28:29 server.go:94: SFSS server begin serve.
2013/07/17 17:28:29 server.go:106: SFSS server new accept...
2013/07/17 17:28:34 server.go:106: SFSS server new accept...
2013/07/17 17:28:34 server.go:198: create db user error:GRANT ALL ON test2.* TO 'test2'@'%'' IDENTIFIED BY '123456'
2013/07/17 17:29:29 server.go:98: active connections serve done, now beginning shutdown...
2013/07/17 17:29:29 server.go:122: SFSS server has been shutdown.
2013/07/17 17:29:29 main.go:134: SFSS stopped.
2013/07/17 17:29:49 main.go:59: SFSS starting...
2013/07/17 17:29:49 server.go:94: SFSS server begin serve.
2013/07/17 17:29:49 server.go:106: SFSS server new accept...
2013/07/17 17:29:55 server.go:106: SFSS server new accept...
2013/07/17 17:30:49 server.go:98: active connections serve done, now beginning shutdown...
2013/07/17 17:30:49 server.go:122: SFSS server has been shutdown.
2013/07/17 17:30:49 main.go:134: SFSS stopped.
2013/07/17 17:32:01 main.go:59: SFSS starting...
2013/07/17 17:32:01 server.go:94: SFSS server begin serve.
2013/07/17 17:32:01 server.go:106: SFSS server new accept...
2013/07/17 17:32:04 server.go:106: SFSS server new accept...
2013/07/17 17:33:01 server.go:98: active connections serve done, now beginning shutdown...
2013/07/17 17:33:01 server.go:122: SFSS server has been shutdown.
2013/07/17 17:33:01 main.go:134: SFSS stopped.
2013/07/17 17:39:17 main.go:59: SFSS starting...
2013/07/17 17:39:17 server.go:94: SFSS server begin serve.
2013/07/17 17:39:17 server.go:106: SFSS server new accept...
2013/07/17 17:39:20 server.go:106: SFSS server new accept...
2013/07/17 17:39:44 server.go:106: SFSS server new accept...
2013/07/17 17:40:01 server.go:106: SFSS server new accept...
2013/07/17 17:40:01 server.go:198: delete user error:Error 1064: You have an error in your SQL syntax; check the manual that corresponds to your MySQL server version for the right syntax to use near 'WHERE user='test2'' at line 1
2013/07/17 17:40:17 server.go:98: active connections serve done, now beginning shutdown...
2013/07/17 17:40:17 server.go:122: SFSS server has been shutdown.
2013/07/17 17:40:17 main.go:134: SFSS stopped.
2013/07/17 17:41:32 main.go:59: SFSS starting...
2013/07/17 17:41:32 server.go:94: SFSS server begin serve.
2013/07/17 17:41:32 server.go:106: SFSS server new accept...
2013/07/17 17:41:37 server.go:106: SFSS server new accept...
2013/07/17 17:42:32 server.go:98: active connections serve done, now beginning shutdown...
2013/07/17 17:42:32 server.go:122: SFSS server has been shutdown.
2013/07/17 17:42:32 main.go:134: SFSS stopped.
2013/07/18 21:29:59 main.go:59: SFSS starting...
2013/07/18 21:29:59 server.go:94: SFSS server begin serve.
2013/07/18 21:29:59 server.go:106: SFSS server new accept...
2013/07/18 21:30:54 server.go:106: SFSS server new accept...
2013/07/18 21:30:59 server.go:98: active connections serve done, now beginning shutdown...
2013/07/18 21:30:59 server.go:122: SFSS server has been shutdown.
2013/07/18 21:30:59 main.go:134: SFSS stopped.
2013/07/18 21:32:11 main.go:59: SFSS starting...
2013/07/18 21:32:11 server.go:94: SFSS server begin serve.
2013/07/18 21:32:11 server.go:106: SFSS server new accept...
2013/07/18 21:32:14 server.go:106: SFSS server new accept...
2013/07/18 21:32:56 main.go:83: signal recieved interrupt, at: 2013-07-18 21:32:56.517040971 +0800 CST
2013/07/18 21:32:56 main.go:103: SFSS shutdown now...
2013/07/18 21:32:56 server.go:98: active connections serve done, now beginning shutdown...
2013/07/18 21:32:56 server.go:122: SFSS server has been shutdown.
2013/07/18 21:32:56 main.go:134: SFSS stopped.
